<?xml version="1.0" encoding="UTF-8" ?>
<testsuites name="vitest tests" tests="2" failures="0" errors="0" time="0.024929208">
    <testsuite name="src/modules/tasks/__tests__/tasks.test.ts" timestamp="2026-04-06T16:47:34.841Z" hostname="seasidedeMacBook-Pro.local" tests="2" failures="0" errors="0" skipped="0" time="0.024929208">
        <testcase classname="src/modules/tasks/__tests__/tasks.test.ts" name="Tasks Module &gt; GET /tasks returns 200 and paginated list" time="0.023067584">
        </testcase>
        <testcase classname="src/modules/tasks/__tests__/tasks.test.ts" name="Tasks Module &gt; POST /tasks returns 201 and created task" time="0.001167833">
        </testcase>
    </testsuite>
</testsuites>
